<?xml version="1.0" encoding="UTF-8"?>
<testng-results skipped="0" failed="1" ignored="0" total="3" passed="2">
  <reporter-output>
  </reporter-output>
  <suite name="Default suite" duration-ms="18879" started-at="2020-02-29T19:43:29Z" finished-at="2020-02-29T19:43:48Z">
    <groups>
    </groups>
    <test name="Default test" duration-ms="18879" started-at="2020-02-29T19:43:29Z" finished-at="2020-02-29T19:43:48Z">
      <class name="Test.FindElementsExample">
        <test-method status="PASS" signature="setupFindElements()[pri:0, instance:Test.FindElementsExample@6a4f787b]" name="setupFindElements" is-config="true" duration-ms="9012" started-at="2020-02-29T19:43:29Z" finished-at="2020-02-29T19:43:38Z">
          <reporter-output>
          </reporter-output>
        </test-method> <!-- setupFindElements -->
        <test-method status="FAIL" signature="T01()[pri:0, instance:Test.FindElementsExample@6a4f787b]" name="T01" duration-ms="3281" started-at="2020-02-29T19:43:38Z" finished-at="2020-02-29T19:43:42Z">
          <exception class="java.lang.AssertionError">
            <message>
              <![CDATA[Title check failed! expected [Wikipedia] but found [Software Test Academy]]]>
            </message>
            <full-stacktrace>
              <![CDATA[java.lang.AssertionError: Title check failed! expected [Wikipedia] but found [Software Test Academy]
at org.testng.Assert.fail(Assert.java:96)
at org.testng.Assert.failNotEquals(Assert.java:776)
at org.testng.Assert.assertEqualsImpl(Assert.java:137)
at org.testng.Assert.assertEquals(Assert.java:118)
at org.testng.Assert.assertEquals(Assert.java:453)
at Test.FindElementsExample.T01(FindElementsExample.java:33)
at sun.reflect.NativeMethodAccessorImpl.invoke0(Native Method)
at sun.reflect.NativeMethodAccessorImpl.invoke(NativeMethodAccessorImpl.java:62)
at sun.reflect.DelegatingMethodAccessorImpl.invoke(DelegatingMethodAccessorImpl.java:43)
at java.lang.reflect.Method.invoke(Method.java:498)
at org.testng.internal.MethodInvocationHelper.invokeMethod(MethodInvocationHelper.java:124)
at org.testng.internal.Invoker.invokeMethod(Invoker.java:583)
at org.testng.internal.Invoker.invokeTestMethod(Invoker.java:719)
at org.testng.internal.Invoker.invokeTestMethods(Invoker.java:989)
at org.testng.internal.TestMethodWorker.invokeTestMethods(TestMethodWorker.java:125)
at org.testng.internal.TestMethodWorker.run(TestMethodWorker.java:109)
at org.testng.TestRunner.privateRun(TestRunner.java:648)
at org.testng.TestRunner.run(TestRunner.java:505)
at org.testng.SuiteRunner.runTest(SuiteRunner.java:455)
at org.testng.SuiteRunner.runSequentially(SuiteRunner.java:450)
at org.testng.SuiteRunner.privateRun(SuiteRunner.java:415)
at org.testng.SuiteRunner.run(SuiteRunner.java:364)
at org.testng.SuiteRunnerWorker.runSuite(SuiteRunnerWorker.java:52)
at org.testng.SuiteRunnerWorker.run(SuiteRunnerWorker.java:84)
at org.testng.TestNG.runSuitesSequentially(TestNG.java:1208)
at org.testng.TestNG.runSuitesLocally(TestNG.java:1137)
at org.testng.TestNG.runSuites(TestNG.java:1049)
at org.testng.TestNG.run(TestNG.java:1017)
at org.testng.remote.AbstractRemoteTestNG.run(AbstractRemoteTestNG.java:114)
at org.testng.remote.RemoteTestNG.initAndRun(RemoteTestNG.java:251)
at org.testng.remote.RemoteTestNG.main(RemoteTestNG.java:77)
]]>
            </full-stacktrace>
          </exception> <!-- java.lang.AssertionError -->
          <reporter-output>
          </reporter-output>
        </test-method> <!-- T01 -->
        <test-method status="PASS" signature="T01_getTitle()[pri:0, instance:Test.FindElementsExample@6a4f787b]" name="T01_getTitle" duration-ms="2" started-at="2020-02-29T19:43:42Z" finished-at="2020-02-29T19:43:42Z">
          <reporter-output>
          </reporter-output>
        </test-method> <!-- T01_getTitle -->
        <test-method status="PASS" signature="T02()[pri:0, instance:Test.FindElementsExample@6a4f787b]" name="T02" duration-ms="2010" started-at="2020-02-29T19:43:42Z" finished-at="2020-02-29T19:43:44Z">
          <reporter-output>
          </reporter-output>
        </test-method> <!-- T02 -->
        <test-method status="PASS" signature="quitDriver()[pri:0, instance:Test.FindElementsExample@6a4f787b]" name="quitDriver" is-config="true" duration-ms="4492" started-at="2020-02-29T19:43:44Z" finished-at="2020-02-29T19:43:48Z">
          <reporter-output>
          </reporter-output>
        </test-method> <!-- quitDriver -->
      </class> <!-- Test.FindElementsExample -->
    </test> <!-- Default test -->
  </suite> <!-- Default suite -->
</testng-results>
